<?xml version="1.0" encoding="UTF-8"?>
<testng-results ignored="0" total="2" passed="2" failed="0" skipped="0">
  <reporter-output>
  </reporter-output>
  <suite started-at="2026-01-22T17:11:51 UTC" name="Default suite" finished-at="2026-01-22T17:11:51 UTC" duration-ms="54">
    <groups>
      <group name="run test case 1">
        <method signature="groups_ex.f1()[pri:0, instance:attributes_testNG.groups_ex@6e20b53a]" name="f1" class="attributes_testNG.groups_ex"/>
      </group> <!-- run test case 1 -->
      <group name="run">
        <method signature="groups_ex.f()[pri:0, instance:attributes_testNG.groups_ex@6e20b53a]" name="f" class="attributes_testNG.groups_ex"/>
      </group> <!-- run -->
    </groups>
    <test started-at="2026-01-22T17:11:51 UTC" name="Default test" finished-at="2026-01-22T17:11:51 UTC" duration-ms="54">
      <class name="attributes_testNG.groups_ex">
        <test-method is-config="true" signature="beforegroups()[pri:0, instance:attributes_testNG.groups_ex@6e20b53a]" started-at="2026-01-22T17:11:51 UTC" name="beforegroups" finished-at="2026-01-22T17:11:51 UTC" duration-ms="7" status="PASS">
          <reporter-output>
          </reporter-output>
        </test-method> <!-- beforegroups -->
        <test-method signature="f()[pri:0, instance:attributes_testNG.groups_ex@6e20b53a]" started-at="2026-01-22T17:11:51 UTC" name="f" finished-at="2026-01-22T17:11:51 UTC" duration-ms="7" status="PASS">
          <reporter-output>
          </reporter-output>
        </test-method> <!-- f -->
        <test-method is-config="true" signature="aftergroups()[pri:0, instance:attributes_testNG.groups_ex@6e20b53a]" started-at="2026-01-22T17:11:51 UTC" name="aftergroups" finished-at="2026-01-22T17:11:51 UTC" duration-ms="1" status="PASS">
          <reporter-output>
          </reporter-output>
        </test-method> <!-- aftergroups -->
        <test-method signature="f1()[pri:0, instance:attributes_testNG.groups_ex@6e20b53a]" started-at="2026-01-22T17:11:51 UTC" name="f1" finished-at="2026-01-22T17:11:51 UTC" duration-ms="1" status="PASS">
          <reporter-output>
          </reporter-output>
        </test-method> <!-- f1 -->
      </class> <!-- attributes_testNG.groups_ex -->
    </test> <!-- Default test -->
  </suite> <!-- Default suite -->
</testng-results>
