<?xml version="1.0" encoding="UTF-8"?>
<!-- Generated by org.testng.reporters.JUnitReportReporter -->
<testsuite hostname="ip-172-31-40-110" failures="0" tests="3" name="attributes_testNG.priority_ex" time="0.010" errors="0" timestamp="2026-01-20T12:03:47 UTC" skipped="0">
  <testcase classname="attributes_testNG.priority_ex" name="f3" time="0.008"/>
  <testcase classname="attributes_testNG.priority_ex" name="f1" time="0.001"/>
  <testcase classname="attributes_testNG.priority_ex" name="f" time="0.001"/>
</testsuite> <!-- attributes_testNG.priority_ex -->
