<?xml version="1.0" encoding="UTF-8"?>
<!-- Generated by org.testng.reporters.JUnitReportReporter -->
<testsuite hostname="ip-172-31-40-110" failures="0" tests="3" name="parellel_atri.parllel_ex" time="0.004" errors="0" timestamp="2026-01-21T05:06:11 UTC" skipped="0">
  <testcase classname="parellel_atri.parllel_ex" name="f1" time="0.001"/>
  <testcase classname="parellel_atri.parllel_ex" name="f3" time="0.001"/>
  <testcase classname="parellel_atri.parllel_ex" name="f2" time="0.002"/>
</testsuite> <!-- parellel_atri.parllel_ex -->
