<?xml version="1.0" encoding="UTF-8"?>
<!-- Generated by org.testng.reporters.JUnitReportReporter -->
<testsuite hostname="ip-172-31-40-110" failures="0" tests="3" name="attributes_testNG.timeOut_ex" time="0.216" errors="1" timestamp="2026-01-20T11:52:53 UTC" skipped="0">
  <testcase classname="attributes_testNG.timeOut_ex" name="f2" time="0.002"/>
  <testcase classname="attributes_testNG.timeOut_ex" name="f1" time="0.206">
    <error message="Method attributes_testNG.timeOut_ex.f1() didn&#039;t finish within the time-out 200" type="org.testng.internal.thread.ThreadTimeoutException">
      <![CDATA[org.testng.internal.thread.ThreadTimeoutException: Method attributes_testNG.timeOut_ex.f1() didn't finish within the time-out 200
at java.base/java.lang.Thread.sleep0(Native Method)
at java.base/java.lang.Thread.sleep(Thread.java:509)
at attributes_testNG.timeOut_ex.f1(timeOut_ex.java:12)
at java.base/jdk.internal.reflect.DirectMethodHandleAccessor.invoke(DirectMethodHandleAccessor.java:103)
at java.base/java.lang.reflect.Method.invoke(Method.java:580)
at org.testng.internal.invokers.MethodInvocationHelper.invokeMethod(MethodInvocationHelper.java:141)
at org.testng.internal.invokers.InvokeMethodRunnable.runOne(InvokeMethodRunnable.java:47)
at org.testng.internal.invokers.InvokeMethodRunnable.call(InvokeMethodRunnable.java:76)
at org.testng.internal.invokers.InvokeMethodRunnable.call(InvokeMethodRunnable.java:11)
at java.base/java.util.concurrent.FutureTask.run(FutureTask.java:317)
at java.base/java.util.concurrent.ThreadPoolExecutor.runWorker(ThreadPoolExecutor.java:1144)
at java.base/java.util.concurrent.ThreadPoolExecutor$Worker.run(ThreadPoolExecutor.java:642)
at java.base/java.lang.Thread.run(Thread.java:1583)
]]>
    </error>
  </testcase> <!-- f1 -->
  <testcase classname="attributes_testNG.timeOut_ex" name="f" time="0.008"/>
</testsuite> <!-- attributes_testNG.timeOut_ex -->
