<?xml version="1.0" encoding="UTF-8"?>
<testng-results ignored="0" total="1" passed="1" failed="0" skipped="0">
  <reporter-output>
  </reporter-output>
  <suite started-at="2026-02-10T06:29:00 UTC" name="Default suite" finished-at="2026-02-10T06:29:01 UTC" duration-ms="1841">
    <groups>
    </groups>
    <test started-at="2026-02-10T06:29:00 UTC" name="Default test" finished-at="2026-02-10T06:29:01 UTC" duration-ms="1841">
      <class name="pkg_2.bearer_token">
        <test-method signature="test()[pri:0, instance:pkg_2.bearer_token@2f9f7dcf]" started-at="2026-02-10T06:29:00 UTC" name="test" finished-at="2026-02-10T06:29:01 UTC" duration-ms="1807" status="PASS">
          <reporter-output>
          </reporter-output>
        </test-method> <!-- test -->
      </class> <!-- pkg_2.bearer_token -->
    </test> <!-- Default test -->
  </suite> <!-- Default suite -->
</testng-results>
