<?xml version="1.0" encoding="UTF-8"?>
<testng-results ignored="0" total="2" passed="2" failed="0" skipped="0">
  <reporter-output>
  </reporter-output>
  <suite started-at="2026-02-12T07:51:41 UTC" name="Default suite" finished-at="2026-02-12T07:52:55 UTC" duration-ms="73254">
    <groups>
      <group name="cucumber">
        <method signature="AbstractTestNGCucumberTests.runScenario(io.cucumber.testng.PickleWrapper,io.cucumber.testng.FeatureWrapper)[pri:0, instance:step.definitions.Test_runnerAmazon@24313fcc]" name="runScenario" class="io.cucumber.testng.AbstractTestNGCucumberTests"/>
      </group> <!-- cucumber -->
    </groups>
    <test started-at="2026-02-12T07:51:41 UTC" name="Default test" finished-at="2026-02-12T07:52:55 UTC" duration-ms="73254">
      <class name="step.definitions.Test_runnerAmazon">
        <test-method is-config="true" signature="setUpClass(org.testng.ITestContext)[pri:0, instance:step.definitions.Test_runnerAmazon@24313fcc]" started-at="2026-02-12T07:51:41 UTC" name="setUpClass" finished-at="2026-02-12T07:51:42 UTC" duration-ms="455" status="PASS">
          <params>
            <param index="0">
              <value>
                <![CDATA[org.testng.TestRunner@1dcedc93]]>
              </value>
            </param>
          </params>
          <reporter-output>
          </reporter-output>
        </test-method> <!-- setUpClass -->
        <test-method signature="runScenario(io.cucumber.testng.PickleWrapper,io.cucumber.testng.FeatureWrapper)[pri:0, instance:step.definitions.Test_runnerAmazon@24313fcc]" started-at="2026-02-12T07:51:42 UTC" name="runScenario" description="Runs Cucumber Scenarios" data-provider="scenarios" finished-at="2026-02-12T07:52:54 UTC" duration-ms="72718" status="PASS">
          <params>
            <param index="0">
              <value>
                <![CDATA["test case validation1"]]>
              </value>
            </param>
            <param index="1">
              <value>
                <![CDATA["Amazon testing"]]>
              </value>
            </param>
          </params>
          <reporter-output>
          </reporter-output>
        </test-method> <!-- runScenario -->
        <test-method signature="runScenario(io.cucumber.testng.PickleWrapper,io.cucumber.testng.FeatureWrapper)[pri:0, instance:step.definitions.Test_runnerAmazon@24313fcc]" started-at="2026-02-12T07:52:54 UTC" name="runScenario" description="Runs Cucumber Scenarios" data-provider="scenarios" finished-at="2026-02-12T07:52:54 UTC" duration-ms="6" status="PASS">
          <params>
            <param index="0">
              <value>
                <![CDATA["test case validation2"]]>
              </value>
            </param>
            <param index="1">
              <value>
                <![CDATA["Amazon testing"]]>
              </value>
            </param>
          </params>
          <reporter-output>
          </reporter-output>
        </test-method> <!-- runScenario -->
        <test-method is-config="true" signature="tearDownClass()[pri:0, instance:step.definitions.Test_runnerAmazon@24313fcc]" started-at="2026-02-12T07:52:54 UTC" name="tearDownClass" finished-at="2026-02-12T07:52:55 UTC" duration-ms="43" status="PASS">
          <reporter-output>
          </reporter-output>
        </test-method> <!-- tearDownClass -->
      </class> <!-- step.definitions.Test_runnerAmazon -->
    </test> <!-- Default test -->
  </suite> <!-- Default suite -->
</testng-results>
