<?xml version="1.0" encoding="UTF-8"?>
<testng-results ignored="0" total="0" passed="0" failed="0" skipped="0">
  <reporter-output>
  </reporter-output>
  <suite started-at="2026-01-31T13:20:20 UTC" name="Default suite" finished-at="2026-01-31T13:20:20 UTC" duration-ms="153">
    <groups>
      <group name="cucumber">
        <method signature="AbstractTestNGCucumberTests.runScenario(io.cucumber.testng.PickleWrapper,io.cucumber.testng.FeatureWrapper)[pri:0, instance:step.definations.Test_Runner@77f1baf5]" name="runScenario" class="io.cucumber.testng.AbstractTestNGCucumberTests"/>
      </group> <!-- cucumber -->
    </groups>
    <test started-at="2026-01-31T13:20:20 UTC" name="Default test" finished-at="2026-01-31T13:20:20 UTC" duration-ms="153">
      <class name="step.definations.Test_Runner">
        <test-method is-config="true" signature="setUpClass(org.testng.ITestContext)[pri:0, instance:step.definations.Test_Runner@77f1baf5]" started-at="2026-01-31T13:20:20 UTC" name="setUpClass" finished-at="2026-01-31T13:20:20 UTC" duration-ms="129" status="PASS">
          <params>
            <param index="0">
              <value>
                <![CDATA[org.testng.TestRunner@78a773fd]]>
              </value>
            </param>
          </params>
          <reporter-output>
          </reporter-output>
        </test-method> <!-- setUpClass -->
        <test-method is-config="true" signature="tearDownClass()[pri:0, instance:step.definations.Test_Runner@77f1baf5]" started-at="2026-01-31T13:20:20 UTC" name="tearDownClass" finished-at="2026-01-31T13:20:20 UTC" duration-ms="2" status="PASS">
          <reporter-output>
          </reporter-output>
        </test-method> <!-- tearDownClass -->
      </class> <!-- step.definations.Test_Runner -->
    </test> <!-- Default test -->
  </suite> <!-- Default suite -->
</testng-results>
