<?xml version="1.0" encoding="UTF-8"?>
<!-- Generated by org.testng.reporters.JUnitXMLReporter -->
<testsuite ignored="0" hostname="ip-172-31-40-110" failures="0" tests="6" name="TestParllel" time="0.055" errors="0" timestamp="2026-01-21T05:01:11 UTC">
  <testcase classname="parellel_atri.parlell_ex1" name="f2" time="0.01"/>
  <testcase classname="parellel_atri.parlell_ex1" name="f1" time="0.011"/>
  <testcase classname="parellel_atri.parllel_ex" name="f1" time="0.002"/>
  <testcase classname="parellel_atri.parllel_ex" name="f2" time="0.003"/>
  <testcase classname="parellel_atri.parlell_ex1" name="f3" time="0.011"/>
  <testcase classname="parellel_atri.parllel_ex" name="f3" time="0.006"/>
</testsuite> <!-- TestParllel -->
