<?xml version="1.0" encoding="UTF-8"?>
<!-- Generated by org.testng.reporters.JUnitXMLReporter -->
<testsuite ignored="0" hostname="ip-172-31-40-110" failures="1" tests="1" name="Test7" time="0.049" errors="0" timestamp="2026-01-21T11:41:07 UTC">
  <testcase classname="Assert_pkg.soft_assert" name="f" time="0.016">
    <failure type="java.lang.AssertionError" message="The following asserts failed:
	expected [20] but found [10],
	error expected [true] but found [false],
	it is fail">
      <![CDATA[java.lang.AssertionError: The following asserts failed:
expected [20] but found [10],
error expected [true] but found [false],
it is fail
at Assert_pkg.soft_assert.f(soft_assert.java:12)
at java.base/java.util.ArrayList.forEach(ArrayList.java:1596)
... Removed 27 stack frames]]>
    </failure>
  </testcase> <!-- f -->
</testsuite> <!-- Test7 -->
