<?xml version="1.0" encoding="UTF-8"?>
<!-- Generated by org.testng.reporters.JUnitReportReporter -->
<testsuite hostname="ip-172-31-40-110" failures="0" tests="2" name="step.definitions.Test_runnerAmazon" time="72.724" errors="0" timestamp="2026-02-12T07:52:55 UTC" skipped="0">
  <testcase classname="step.definitions.Test_runnerAmazon" name="runScenario" time="72.718"/>
  <testcase classname="step.definitions.Test_runnerAmazon" name="runScenario" time="0.006"/>
</testsuite> <!-- step.definitions.Test_runnerAmazon -->
